#
# There is insufficient memory for the Java Runtime Environment to continue.
# Native memory allocation (malloc) failed to allocate 2152016 bytes for Chunk::new
# Possible reasons:
#   The system is out of physical RAM or swap space
#   In 32 bit mode, the process size limit was hit
# Possible solutions:
#   Reduce memory load on the system
#   Increase physical memory or swap space
#   Check if swap backing store is full
#   Use 64 bit Java on a 64 bit OS
#   Decrease Java heap size (-Xmx/-Xms)
#   Decrease number of Java threads
#   Decrease Java thread stack sizes (-Xss)
#   Set larger code cache with -XX:ReservedCodeCacheSize=
# This output file may be truncated or incomplete.
#
#  Out of Memory Error (allocation.cpp:390), pid=9868, tid=0x0000000000002408
#
# JRE version: Java(TM) SE Runtime Environment (8.0_121-b13) (build 1.8.0_121-b13)
# Java VM: Java HotSpot(TM) 64-Bit Server VM (25.121-b13 mixed mode windows-amd64 compressed oops)
# Failed to write core dump. Minidumps are not enabled by default on client versions of Windows
#

---------------  T H R E A D  ---------------

Current thread (0x00000000179a0800):  JavaThread "C2 CompilerThread0" daemon [_thread_in_native, id=9224, stack(0x0000000017b00000,0x0000000017c00000)]

Stack: [0x0000000017b00000,0x0000000017c00000]
[error occurred during error reporting (printing stack bounds), id 0xc0000005]

Native frames: (J=compiled Java code, j=interpreted, Vv=VM code, C=native code)


Current CompileTask:
C2:   5358 1214       4       org.objectweb.asm.Frame::a (2252 bytes)


---------------  P R O C E S S  ---------------

Java Threads: ( => current thread )
  0x0000000017e18800 JavaThread "Service Thread" daemon [_thread_blocked, id=8260, stack(0x0000000018600000,0x0000000018700000)]
  0x0000000017a9a000 JavaThread "C1 CompilerThread2" daemon [_thread_in_vm, id=2584, stack(0x0000000017d00000,0x0000000017e00000)]
  0x00000000179a1000 JavaThread "C2 CompilerThread1" daemon [_thread_in_native, id=4320, stack(0x0000000017c00000,0x0000000017d00000)]
=>0x00000000179a0800 JavaThread "C2 CompilerThread0" daemon [_thread_in_native, id=9224, stack(0x0000000017b00000,0x0000000017c00000)]
  0x0000000015dc2800 JavaThread "JDWP Command Reader" daemon [_thread_in_native, id=5012, stack(0x0000000017600000,0x0000000017700000)]
  0x0000000015dbf000 JavaThread "JDWP Event Helper Thread" daemon [_thread_blocked, id=11048, stack(0x0000000017500000,0x0000000017600000)]
  0x0000000015dad000 JavaThread "JDWP Transport Listener: dt_socket" daemon [_thread_blocked, id=5972, stack(0x0000000017400000,0x0000000017500000)]
  0x0000000015da4800 JavaThread "Attach Listener" daemon [_thread_blocked, id=6672, stack(0x0000000017300000,0x0000000017400000)]
  0x0000000015da3800 JavaThread "Signal Dispatcher" daemon [_thread_blocked, id=8696, stack(0x0000000017200000,0x0000000017300000)]
  0x0000000015d8f000 JavaThread "Finalizer" daemon [_thread_blocked, id=11232, stack(0x0000000016ff0000,0x00000000170f0000)]
  0x0000000002407000 JavaThread "Reference Handler" daemon [_thread_blocked, id=1316, stack(0x0000000016ef0000,0x0000000016ff0000)]
  0x0000000002317000 JavaThread "main" [_thread_in_vm, id=5908, stack(0x0000000002110000,0x0000000002210000)]

Other Threads:
  0x0000000015d67800 VMThread [stack: 0x0000000016df0000,0x0000000016ef0000] [id=3324]
  0x0000000017ef7000 WatcherThread [stack: 0x0000000018700000,0x0000000018800000] [id=8376]

VM state:not at safepoint (normal execution)

VM Mutex/Monitor currently owned by a thread: None

Heap:
 PSYoungGen      total 101376K, used 25797K [0x00000000e0980000, 0x00000000e8180000, 0x0000000100000000)
  eden space 92160K, 18% used [0x00000000e0980000,0x00000000e19b3490,0x00000000e6380000)
  from space 9216K, 99% used [0x00000000e7080000,0x00000000e797dfb0,0x00000000e7980000)
  to   space 13312K, 0% used [0x00000000e6380000,0x00000000e6380000,0x00000000e7080000)
 ParOldGen       total 65536K, used 13220K [0x00000000a1c00000, 0x00000000a5c00000, 0x00000000e0980000)
  object space 65536K, 20% used [0x00000000a1c00000,0x00000000a28e9160,0x00000000a5c00000)
 Metaspace       used 15171K, capacity 15710K, committed 15872K, reserved 1062912K
  class space    used 1481K, capacity 1675K, committed 1792K, reserved 1048576K

Card table byte_map: [0x00000000118e0000,0x0000000011be0000] byte_map_base: 0x00000000113d2000

Marking Bits: (ParMarkBitMap*) 0x0000000056c0b6d0
 Begin Bits: [0x00000000121e0000, 0x0000000013970000)
 End Bits:   [0x0000000013970000, 0x0000000015100000)

Polling page: 0x0000000000430000

CodeCache: size=245760Kb used=8028Kb max_used=8028Kb free=237731Kb
 bounds [0x0000000002520000, 0x0000000002d00000, 0x0000000011520000]
 total_blobs=2292 nmethods=1926 adapters=286
 compilation: enabled

Compilation events (10 events):
Event: 5.309 Thread 0x0000000017a9a000 1966       2       java.util.Hashtable::<init> (114 bytes)
Event: 5.311 Thread 0x0000000017a9a000 nmethod 1966 0x0000000002cf4ad0 code [0x0000000002cf4d20, 0x0000000002cf5578]
Event: 5.315 Thread 0x0000000017a9a000 1968       1       com.ximpleware.xpath.parser::start_state (2 bytes)
Event: 5.315 Thread 0x0000000017a9a000 nmethod 1968 0x0000000002cf5b10 code [0x0000000002cf5c60, 0x0000000002cf5d70]
Event: 5.318 Thread 0x0000000017a9a000 1969       2       com.ximpleware.VTDNav::handle_utf8 (221 bytes)
Event: 5.319 Thread 0x0000000017a9a000 nmethod 1969 0x0000000002cf5dd0 code [0x0000000002cf5f80, 0x0000000002cf64b8]
Event: 5.322 Thread 0x0000000017a9a000 1970       2       java.util.Hashtable::<init> (9 bytes)
Event: 5.322 Thread 0x0000000017a9a000 nmethod 1970 0x0000000002cf69d0 code [0x0000000002cf6b60, 0x0000000002cf6ce8]
Event: 5.344 Thread 0x0000000017a9a000 1971       2       com.ximpleware.intHash::reset (36 bytes)
Event: 5.344 Thread 0x0000000017a9a000 nmethod 1971 0x0000000002cf6d90 code [0x0000000002cf6f00, 0x0000000002cf70f0]

GC Heap History (10 events):
Event: 3.319 GC heap before
{Heap before GC invocations=4 (full 0):
 PSYoungGen      total 28672K, used 28426K [0x00000000e0980000, 0x00000000e2980000, 0x0000000100000000)
  eden space 24576K, 100% used [0x00000000e0980000,0x00000000e2180000,0x00000000e2180000)
  from space 4096K, 94% used [0x00000000e2180000,0x00000000e2542bf0,0x00000000e2580000)
  to   space 4096K, 0% used [0x00000000e2580000,0x00000000e2580000,0x00000000e2980000)
 ParOldGen       total 65536K, used 24K [0x00000000a1c00000, 0x00000000a5c00000, 0x00000000e0980000)
  object space 65536K, 0% used [0x00000000a1c00000,0x00000000a1c06000,0x00000000a5c00000)
 Metaspace       used 10749K, capacity 11030K, committed 11264K, reserved 1058816K
  class space    used 1157K, capacity 1273K, committed 1280K, reserved 1048576K
Event: 3.328 GC heap after
Heap after GC invocations=4 (full 0):
 PSYoungGen      total 28672K, used 4091K [0x00000000e0980000, 0x00000000e4180000, 0x0000000100000000)
  eden space 24576K, 0% used [0x00000000e0980000,0x00000000e0980000,0x00000000e2180000)
  from space 4096K, 99% used [0x00000000e2580000,0x00000000e297ee98,0x00000000e2980000)
  to   space 4096K, 0% used [0x00000000e2180000,0x00000000e2180000,0x00000000e2580000)
 ParOldGen       total 65536K, used 1114K [0x00000000a1c00000, 0x00000000a5c00000, 0x00000000e0980000)
  object space 65536K, 1% used [0x00000000a1c00000,0x00000000a1d16980,0x00000000a5c00000)
 Metaspace       used 10749K, capacity 11030K, committed 11264K, reserved 1058816K
  class space    used 1157K, capacity 1273K, committed 1280K, reserved 1048576K
}
Event: 3.506 GC heap before
{Heap before GC invocations=5 (full 0):
 PSYoungGen      total 28672K, used 28667K [0x00000000e0980000, 0x00000000e4180000, 0x0000000100000000)
  eden space 24576K, 100% used [0x00000000e0980000,0x00000000e2180000,0x00000000e2180000)
  from space 4096K, 99% used [0x00000000e2580000,0x00000000e297ee98,0x00000000e2980000)
  to   space 4096K, 0% used [0x00000000e2180000,0x00000000e2180000,0x00000000e2580000)
 ParOldGen       total 65536K, used 1114K [0x00000000a1c00000, 0x00000000a5c00000, 0x00000000e0980000)
  object space 65536K, 1% used [0x00000000a1c00000,0x00000000a1d16980,0x00000000a5c00000)
 Metaspace       used 11270K, capacity 11640K, committed 11904K, reserved 1060864K
  class space    used 1191K, capacity 1330K, committed 1408K, reserved 1048576K
Event: 3.523 GC heap after
Heap after GC invocations=5 (full 0):
 PSYoungGen      total 28672K, used 4077K [0x00000000e0980000, 0x00000000e4980000, 0x0000000100000000)
  eden space 24576K, 0% used [0x00000000e0980000,0x00000000e0980000,0x00000000e2180000)
  from space 4096K, 99% used [0x00000000e2180000,0x00000000e257b430,0x00000000e2580000)
  to   space 8192K, 0% used [0x00000000e4180000,0x00000000e4180000,0x00000000e4980000)
 ParOldGen       total 65536K, used 4565K [0x00000000a1c00000, 0x00000000a5c00000, 0x00000000e0980000)
  object space 65536K, 6% used [0x00000000a1c00000,0x00000000a2075430,0x00000000a5c00000)
 Metaspace       used 11270K, capacity 11640K, committed 11904K, reserved 1060864K
  class space    used 1191K, capacity 1330K, committed 1408K, reserved 1048576K
}
Event: 3.778 GC heap before
{Heap before GC invocations=6 (full 0):
 PSYoungGen      total 28672K, used 28653K [0x00000000e0980000, 0x00000000e4980000, 0x0000000100000000)
  eden space 24576K, 100% used [0x00000000e0980000,0x00000000e2180000,0x00000000e2180000)
  from space 4096K, 99% used [0x00000000e2180000,0x00000000e257b430,0x00000000e2580000)
  to   space 8192K, 0% used [0x00000000e4180000,0x00000000e4180000,0x00000000e4980000)
 ParOldGen       total 65536K, used 4565K [0x00000000a1c00000, 0x00000000a5c00000, 0x00000000e0980000)
  object space 65536K, 6% used [0x00000000a1c00000,0x00000000a2075430,0x00000000a5c00000)
 Metaspace       used 12361K, capacity 12874K, committed 13056K, reserved 1060864K
  class space    used 1281K, capacity 1451K, committed 1536K, reserved 1048576K
Event: 3.799 GC heap after
Heap after GC invocations=6 (full 0):
 PSYoungGen      total 56320K, used 7377K [0x00000000e0980000, 0x00000000e4b80000, 0x0000000100000000)
  eden space 48128K, 0% used [0x00000000e0980000,0x00000000e0980000,0x00000000e3880000)
  from space 8192K, 90% used [0x00000000e4180000,0x00000000e48b4540,0x00000000e4980000)
  to   space 9216K, 0% used [0x00000000e3880000,0x00000000e3880000,0x00000000e4180000)
 ParOldGen       total 65536K, used 4573K [0x00000000a1c00000, 0x00000000a5c00000, 0x00000000e0980000)
  object space 65536K, 6% used [0x00000000a1c00000,0x00000000a2077430,0x00000000a5c00000)
 Metaspace       used 12361K, capacity 12874K, committed 13056K, reserved 1060864K
  class space    used 1281K, capacity 1451K, committed 1536K, reserved 1048576K
}
Event: 4.138 GC heap before
{Heap before GC invocations=7 (full 0):
 PSYoungGen      total 56320K, used 55505K [0x00000000e0980000, 0x00000000e4b80000, 0x0000000100000000)
  eden space 48128K, 100% used [0x00000000e0980000,0x00000000e3880000,0x00000000e3880000)
  from space 8192K, 90% used [0x00000000e4180000,0x00000000e48b4540,0x00000000e4980000)
  to   space 9216K, 0% used [0x00000000e3880000,0x00000000e3880000,0x00000000e4180000)
 ParOldGen       total 65536K, used 4573K [0x00000000a1c00000, 0x00000000a5c00000, 0x00000000e0980000)
  object space 65536K, 6% used [0x00000000a1c00000,0x00000000a2077430,0x00000000a5c00000)
 Metaspace       used 13293K, capacity 13826K, committed 13952K, reserved 1060864K
  class space    used 1372K, capacity 1555K, committed 1664K, reserved 1048576K
Event: 4.161 GC heap after
Heap after GC invocations=7 (full 0):
 PSYoungGen      total 57344K, used 5999K [0x00000000e0980000, 0x00000000e7980000, 0x0000000100000000)
  eden space 48128K, 0% used [0x00000000e0980000,0x00000000e0980000,0x00000000e3880000)
  from space 9216K, 65% used [0x00000000e3880000,0x00000000e3e5bdb8,0x00000000e4180000)
  to   space 9216K, 0% used [0x00000000e7080000,0x00000000e7080000,0x00000000e7980000)
 ParOldGen       total 65536K, used 7044K [0x00000000a1c00000, 0x00000000a5c00000, 0x00000000e0980000)
  object space 65536K, 10% used [0x00000000a1c00000,0x00000000a22e1020,0x00000000a5c00000)
 Metaspace       used 13293K, capacity 13826K, committed 13952K, reserved 1060864K
  class space    used 1372K, capacity 1555K, committed 1664K, reserved 1048576K
}
Event: 4.902 GC heap before
{Heap before GC invocations=8 (full 0):
 PSYoungGen      total 57344K, used 54127K [0x00000000e0980000, 0x00000000e7980000, 0x0000000100000000)
  eden space 48128K, 100% used [0x00000000e0980000,0x00000000e3880000,0x00000000e3880000)
  from space 9216K, 65% used [0x00000000e3880000,0x00000000e3e5bdb8,0x00000000e4180000)
  to   space 9216K, 0% used [0x00000000e7080000,0x00000000e7080000,0x00000000e7980000)
 ParOldGen       total 65536K, used 7044K [0x00000000a1c00000, 0x00000000a5c00000, 0x00000000e0980000)
  object space 65536K, 10% used [0x00000000a1c00000,0x00000000a22e1020,0x00000000a5c00000)
 Metaspace       used 14944K, capacity 15518K, committed 15872K, reserved 1062912K
  class space    used 1480K, capacity 1675K, committed 1792K, reserved 1048576K
Event: 4.939 GC heap after
Heap after GC invocations=8 (full 0):
 PSYoungGen      total 101376K, used 9207K [0x00000000e0980000, 0x00000000e8180000, 0x0000000100000000)
  eden space 92160K, 0% used [0x00000000e0980000,0x00000000e0980000,0x00000000e6380000)
  from space 9216K, 99% used [0x00000000e7080000,0x00000000e797dfb0,0x00000000e7980000)
  to   space 13312K, 0% used [0x00000000e6380000,0x00000000e6380000,0x00000000e7080000)
 ParOldGen       total 65536K, used 13220K [0x00000000a1c00000, 0x00000000a5c00000, 0x00000000e0980000)
  object space 65536K, 20% used [0x00000000a1c00000,0x00000000a28e9160,0x00000000a5c00000)
 Metaspace       used 14944K, capacity 15518K, committed 15872K, reserved 1062912K
  class space    used 1480K, capacity 1675K, committed 1792K, reserved 1048576K
}

Deoptimization events (10 events):
Event: 2.055 Thread 0x0000000002317000 Uncommon trap: reason=class_check action=maybe_recompile pc=0x000000000279e58c method=sun.misc.URLClassPath.getLoader(I)Lsun/misc/URLClassPath$Loader; @ 94
Event: 2.056 Thread 0x0000000002317000 Uncommon trap: reason=class_check action=maybe_recompile pc=0x0000000002797184 method=sun.misc.URLClassPath.getLoader(I)Lsun/misc/URLClassPath$Loader; @ 94
Event: 2.529 Thread 0x0000000002317000 Uncommon trap: reason=unstable_if action=reinterpret pc=0x00000000028d848c method=java.util.HashMap.putVal(ILjava/lang/Object;Ljava/lang/Object;ZZ)Ljava/lang/Object; @ 236
Event: 2.668 Thread 0x0000000002317000 Uncommon trap: reason=bimorphic action=maybe_recompile pc=0x00000000028e3af8 method=java.lang.ThreadLocal.get()Ljava/lang/Object; @ 6
Event: 2.855 Thread 0x0000000002317000 Uncommon trap: reason=unstable_if action=reinterpret pc=0x000000000297c4fc method=org.objectweb.asm.Type.a([CI)Lorg/objectweb/asm/Type; @ 181
Event: 3.019 Thread 0x0000000002317000 Uncommon trap: reason=unstable_if action=reinterpret pc=0x00000000029abcec method=org.objectweb.asm.Item.a(Lorg/objectweb/asm/Item;)Z @ 237
Event: 3.091 Thread 0x0000000002317000 Uncommon trap: reason=unstable_if action=reinterpret pc=0x00000000029f8c2c method=org.objectweb.asm.Frame.a(Lorg/objectweb/asm/ClassWriter;I[II)Z @ 60
Event: 3.244 Thread 0x0000000002317000 Uncommon trap: reason=unstable_if action=reinterpret pc=0x00000000029cf8ac method=org.objectweb.asm.tree.MethodNode.getLabelNodes([Ljava/lang/Object;)[Ljava/lang/Object; @ 24
Event: 3.334 Thread 0x0000000002317000 Uncommon trap: reason=unstable_if action=reinterpret pc=0x00000000029d3400 method=org.objectweb.asm.Type.getArgumentsAndReturnSizes(Ljava/lang/String;)I @ 130
Event: 3.977 Thread 0x0000000002317000 Uncommon trap: reason=range_check action=make_not_entrant pc=0x0000000002b244d0 method=org.objectweb.asm.Type.a([CI)Lorg/objectweb/asm/Type; @ 2

Internal exceptions (10 events):
Event: 0.744 Thread 0x0000000002317000 Exception <a 'java/security/PrivilegedActionException'> (0x00000000e0f27de0) thrown at [C:\re\workspace\8-2-build-windows-amd64-cygwin\jdk8u121\8372\hotspot\src\share\vm\prims\jvm.cpp, line 1390]
Event: 0.744 Thread 0x0000000002317000 Exception <a 'java/security/PrivilegedActionException'> (0x00000000e0f27ff0) thrown at [C:\re\workspace\8-2-build-windows-amd64-cygwin\jdk8u121\8372\hotspot\src\share\vm\prims\jvm.cpp, line 1390]
Event: 0.745 Thread 0x0000000002317000 Exception <a 'java/security/PrivilegedActionException'> (0x00000000e0f2bf00) thrown at [C:\re\workspace\8-2-build-windows-amd64-cygwin\jdk8u121\8372\hotspot\src\share\vm\prims\jvm.cpp, line 1390]
Event: 0.745 Thread 0x0000000002317000 Exception <a 'java/security/PrivilegedActionException'> (0x00000000e0f2c110) thrown at [C:\re\workspace\8-2-build-windows-amd64-cygwin\jdk8u121\8372\hotspot\src\share\vm\prims\jvm.cpp, line 1390]
Event: 1.943 Thread 0x0000000002317000 Exception <a 'java/lang/NoSuchFieldError': method resolution failed> (0x00000000e12d4150) thrown at [C:\re\workspace\8-2-build-windows-amd64-cygwin\jdk8u121\8372\hotspot\src\share\vm\prims\methodHandles.cpp, line 1146]
Event: 1.946 Thread 0x0000000002317000 Exception <a 'java/lang/NoSuchFieldError': method resolution failed> (0x00000000e12e20e0) thrown at [C:\re\workspace\8-2-build-windows-amd64-cygwin\jdk8u121\8372\hotspot\src\share\vm\prims\methodHandles.cpp, line 1146]
Event: 2.740 Thread 0x0000000002317000 Exception <a 'java/security/PrivilegedActionException'> (0x00000000e107ce38) thrown at [C:\re\workspace\8-2-build-windows-amd64-cygwin\jdk8u121\8372\hotspot\src\share\vm\prims\jvm.cpp, line 1390]
Event: 2.740 Thread 0x0000000002317000 Exception <a 'java/security/PrivilegedActionException'> (0x00000000e107d230) thrown at [C:\re\workspace\8-2-build-windows-amd64-cygwin\jdk8u121\8372\hotspot\src\share\vm\prims\jvm.cpp, line 1390]
Event: 2.740 Thread 0x0000000002317000 Exception <a 'java/security/PrivilegedActionException'> (0x00000000e107ea10) thrown at [C:\re\workspace\8-2-build-windows-amd64-cygwin\jdk8u121\8372\hotspot\src\share\vm\prims\jvm.cpp, line 1390]
Event: 2.740 Thread 0x0000000002317000 Exception <a 'java/security/PrivilegedActionException'> (0x00000000e107ee08) thrown at [C:\re\workspace\8-2-build-windows-amd64-cygwin\jdk8u121\8372\hotspot\src\share\vm\prims\jvm.cpp, line 1390]

Events (10 events):
Event: 5.228 Thread 0x0000000002317000 DEOPT PACKING pc=0x0000000002b93094 sp=0x000000000220e820
Event: 5.228 Thread 0x0000000002317000 DEOPT UNPACKING pc=0x000000000256787f sp=0x000000000220e550 mode 1
Event: 5.228 Thread 0x0000000002317000 DEOPT PACKING pc=0x0000000002c6a75c sp=0x000000000220e870
Event: 5.228 Thread 0x0000000002317000 DEOPT UNPACKING pc=0x000000000256787f sp=0x000000000220e5a8 mode 1
Event: 5.259 Thread 0x0000000002317000 DEOPT PACKING pc=0x0000000002b93094 sp=0x000000000220e630
Event: 5.259 Thread 0x0000000002317000 DEOPT UNPACKING pc=0x000000000256787f sp=0x000000000220e360 mode 1
Event: 5.259 Thread 0x0000000002317000 DEOPT PACKING pc=0x0000000002c6a75c sp=0x000000000220e680
Event: 5.259 Thread 0x0000000002317000 DEOPT UNPACKING pc=0x000000000256787f sp=0x000000000220e3b8 mode 1
Event: 5.259 Thread 0x0000000002317000 DEOPT PACKING pc=0x0000000002c7c10c sp=0x000000000220e750
Event: 5.259 Thread 0x0000000002317000 DEOPT UNPACKING pc=0x000000000256787f sp=0x000000000220e670 mode 1


Dynamic libraries:
0x00007ff65a930000 - 0x00007ff65a967000 	C:\Program Files\Java\jdk1.8.0_121\bin\java.exe
0x00007fffe8840000 - 0x00007fffe8a11000 	C:\WINDOWS\SYSTEM32\ntdll.dll
0x00007fffe7e20000 - 0x00007fffe7ecb000 	C:\WINDOWS\System32\KERNEL32.DLL
0x00007fffe5bb0000 - 0x00007fffe5dcd000 	C:\WINDOWS\System32\KERNELBASE.dll
0x00007fffe64b0000 - 0x00007fffe6552000 	C:\WINDOWS\System32\ADVAPI32.dll
0x00007fffe66d0000 - 0x00007fffe676e000 	C:\WINDOWS\System32\msvcrt.dll
0x00007fffe83a0000 - 0x00007fffe83f9000 	C:\WINDOWS\System32\sechost.dll
0x00007fffe6100000 - 0x00007fffe6221000 	C:\WINDOWS\System32\RPCRT4.dll
0x00007fffe86d0000 - 0x00007fffe8835000 	C:\WINDOWS\System32\USER32.dll
0x00007fffe4fc0000 - 0x00007fffe4fde000 	C:\WINDOWS\System32\win32u.dll
0x00007fffe8690000 - 0x00007fffe86c4000 	C:\WINDOWS\System32\GDI32.dll
0x00007fffe4e30000 - 0x00007fffe4fb2000 	C:\WINDOWS\System32\gdi32full.dll
0x00007fffd42b0000 - 0x00007fffd452a000 	C:\WINDOWS\WinSxS\amd64_microsoft.windows.common-controls_6595b64144ccf1df_6.0.14393.953_none_42151e83c686086b\COMCTL32.dll
0x00007fffe5e30000 - 0x00007fffe60f8000 	C:\WINDOWS\System32\combase.dll
0x00007fffe4d30000 - 0x00007fffe4e25000 	C:\WINDOWS\System32\ucrtbase.dll
0x00007fffe4fe0000 - 0x00007fffe504a000 	C:\WINDOWS\System32\bcryptPrimitives.dll
0x00007fffe7f40000 - 0x00007fffe7f6e000 	C:\WINDOWS\System32\IMM32.DLL
0x0000000057d60000 - 0x0000000057e32000 	C:\Program Files\Java\jdk1.8.0_121\jre\bin\msvcr100.dll
0x00000000563f0000 - 0x0000000056c8b000 	C:\Program Files\Java\jdk1.8.0_121\jre\bin\server\jvm.dll
0x00007fffe84c0000 - 0x00007fffe84c8000 	C:\WINDOWS\System32\PSAPI.DLL
0x00007fffdb2a0000 - 0x00007fffdb2a9000 	C:\WINDOWS\SYSTEM32\WSOCK32.dll
0x00007fffe7ed0000 - 0x00007fffe7f3a000 	C:\WINDOWS\System32\WS2_32.dll
0x00007fffe2c70000 - 0x00007fffe2c93000 	C:\WINDOWS\SYSTEM32\WINMM.dll
0x00007fffda3e0000 - 0x00007fffda3ea000 	C:\WINDOWS\SYSTEM32\VERSION.dll
0x00007fffe2c10000 - 0x00007fffe2c3b000 	C:\WINDOWS\SYSTEM32\WINMMBASE.dll
0x00007fffe5250000 - 0x00007fffe5292000 	C:\WINDOWS\System32\cfgmgr32.dll
0x000000005a9c0000 - 0x000000005a9cf000 	C:\Program Files\Java\jdk1.8.0_121\jre\bin\verify.dll
0x0000000057d30000 - 0x0000000057d59000 	C:\Program Files\Java\jdk1.8.0_121\jre\bin\java.dll
0x00000000580d0000 - 0x0000000058105000 	C:\Program Files\Java\jdk1.8.0_121\jre\bin\jdwp.dll
0x00000000580c0000 - 0x00000000580c8000 	C:\Program Files\Java\jdk1.8.0_121\jre\bin\npt.dll
0x0000000058090000 - 0x00000000580b3000 	C:\Program Files\Java\jdk1.8.0_121\jre\bin\instrument.dll
0x000000005a600000 - 0x000000005a616000 	C:\Program Files\Java\jdk1.8.0_121\jre\bin\zip.dll
0x00007fffe6770000 - 0x00007fffe7c78000 	C:\WINDOWS\System32\SHELL32.dll
0x00007fffe54d0000 - 0x00007fffe5baa000 	C:\WINDOWS\System32\windows.storage.dll
0x00007fffe4ce0000 - 0x00007fffe4d2c000 	C:\WINDOWS\System32\powrprof.dll
0x00007fffe5dd0000 - 0x00007fffe5e22000 	C:\WINDOWS\System32\shlwapi.dll
0x00007fffe4cd0000 - 0x00007fffe4cdf000 	C:\WINDOWS\System32\kernel.appcore.dll
0x00007fffe51a0000 - 0x00007fffe5249000 	C:\WINDOWS\System32\shcore.dll
0x00007fffe4cb0000 - 0x00007fffe4cc4000 	C:\WINDOWS\System32\profapi.dll
0x0000000058080000 - 0x0000000058089000 	C:\Program Files\Java\jdk1.8.0_121\jre\bin\dt_socket.dll
0x00007fffe45d0000 - 0x00007fffe462c000 	C:\WINDOWS\system32\mswsock.dll

VM Arguments:
jvm_args: -agentlib:jdwp=transport=dt_socket,address=127.0.0.1:54516,suspend=y,server=n -javaagent:C:\Users\Andi\.AndroidStudio2.3\system\groovyHotSwap\gragent.jar -Didea.junit.sm_runner -Dfile.encoding=UTF-8 
java_command: com.intellij.rt.execution.junit.JUnitStarter -ideVersion5 de.polyshift.polyshift.Game.Logic.AiGameLoopTest,checkIfPlayerWins
java_class_path (initial): C:\Program Files\Android\Android Studio\lib\idea_rt.jar;C:\Program Files\Android\Android Studio\plugins\junit\lib\junit-rt.jar;C:\Users\Andi\AppData\Local\Android\sdk\platforms\android-25\data\res;C:\Users\Andi\AndroidStudioProjects\Polyshift\app\build\intermediates\classes\test\debug;C:\Users\Andi\AndroidStudioProjects\Polyshift\app\build\intermediates\classes\debug;C:\Users\Andi\.gradle\caches\modules-2\files-2.1\backport-util-concurrent\backport-util-concurrent\3.1\682f7ac17fed79e92f8e87d8455192b63376347b\backport-util-concurrent-3.1.jar;C:\Users\Andi\.gradle\caches\modules-2\files-2.1\org.apache.maven\maven-profile\2.2.1\3950071587027e5086e9c395574a60650c432738\maven-profile-2.2.1.jar;C:\Users\Andi\.gradle\caches\modules-2\files-2.1\nekohtml\xercesMinimal\1.9.6.2\d1c5e063683a0e6f77cd5f051a9d4af48346fa6\xercesMinimal-1.9.6.2.jar;C:\Users\Andi\.gradle\caches\modules-2\files-2.1\org.apache.maven\maven-settings\2.2.1\2236ffe71fa5f78ce42b0f5fc22c54ed45f14294\maven-settings-2.2.1.jar;C:\Users\Andi\.gradle\caches\modules-2\files-2.1\org.hamcrest\hamcrest-library\1.3\4785a3c21320980282f9f33d0d1264a69040538f\hamcrest-library-1.3.jar;C:\Users\Andi\.gradle\caches\modules-2\files-2.1\org.ow2.asm\asm-commons\5.0.1\7b7147a390a93a14d2edfdcf3f7b0e87a0939c3e\asm-commons-5.0.1.jar;C:\Users\Andi\.gradle\caches\modules-2\files-2.1\com.google.android.apps.common.testing.accessibility.framework\accessibility-test-framework\2.1\c2d6267c3ad0435ddf9e27a94a0e0af4ca3fdfbb\accessibility-test-framework-2.1.jar;C:\Users\Andi\.gradle\caches\modules-2\files-2.1\org.apache.maven.wagon\wagon-http-lightweight\1.0-beta-6\b3815078570c3b1f0667e123d59717c6b726c6c2\wagon-http-lightweight-1.0-beta-6.jar;C:\Users\Andi\.gradle\caches\modules-2\files-2.1\nekohtml\nekohtml\1.9.6.2\2d960be7b62ae6622dbbbe49ab4ffdc609f85c80\nekohtml-1.9.6.2.jar;C:\Users\Andi\.gradle\caches\modules-2\files-2.1\org.ow2.asm\asm\5.0.1\2fd56467a018aafe6ec6a73ccba520be4a7e1565\asm-5.0.1.jar;C:\Users\And
Launcher Type: SUN_STANDARD

Environment Variables:
JAVA_HOME=C:\Program Files\Java\jdk1.8.0_121
PATH=C:\ProgramData\Oracle\Java\javapath;C:\WINDOWS\system32;C:\WINDOWS;C:\WINDOWS\System32\Wbem;C:\WINDOWS\System32\WindowsPowerShell\v1.0\;C:\Program Files\Git\cmd;C:\Program Files\nodejs\;C:\Users\Andi\AppData\Local\Microsoft\WindowsApps;C:\Users\Andi\AppData\Roaming\npm
USERNAME=Andi
OS=Windows_NT
PROCESSOR_IDENTIFIER=Intel64 Family 6 Model 58 Stepping 9, GenuineIntel



---------------  S Y S T E M  ---------------

OS: Windows 10.0 , 64 bit Build 14393 (10.0.14393.0)

CPU:total 4 (2 cores per cpu, 2 threads per core) family 6 model 58 stepping 9, cmov, cx8, fxsr, mmx, sse, sse2, sse3, ssse3, sse4.1, sse4.2, popcnt, avx, aes, clmul, erms, ht, tsc, tscinvbit, tscinv

Memory: 4k page, physical 6173112k(1285368k free), swap 21729844k(7000k free)

vm_info: Java HotSpot(TM) 64-Bit Server VM (25.121-b13) for windows-amd64 JRE (1.8.0_121-b13), built on Dec 12 2016 18:21:36 by "java_re" with MS VC++ 10.0 (VS2010)

time: Sun Apr 16 13:44:28 2017
elapsed time: 5 seconds (0d 0h 0m 5s)

